<?xml version="1.0" encoding="UTF-8"?>
<!-- Generated by org.testng.reporters.JUnitXMLReporter -->
<testsuite ignored="0" hostname="DESKTOP-BFAL20L" failures="0" tests="3" name="Default test" time="24.451" errors="0" timestamp="2021-01-19T01:53:31 EST">
  <testcase classname="com.qa.wildcart.pages.LoginPageTest" name="loginTest" time="0.487"/>
  <testcase classname="com.qa.wildcart.pages.LoginPageTest" name="verifyPagetitle" time="0.029"/>
  <testcase classname="com.qa.wildcart.pages.LoginPageTest" name="verifySignupLink" time="0.251"/>
</testsuite> <!-- Default test -->
