<?xml version="1.0" encoding="UTF-8"?>
<testng-results ignored="0" total="3" passed="3" failed="0" skipped="0">
  <reporter-output>
  </reporter-output>
  <suite started-at="2021-01-19T01:53:06 EST" name="Default suite" finished-at="2021-01-19T01:53:31 EST" duration-ms="24451">
    <groups>
    </groups>
    <test started-at="2021-01-19T01:53:06 EST" name="Default test" finished-at="2021-01-19T01:53:31 EST" duration-ms="24451">
      <class name="com.qa.wildcart.pages.LoginPageTest">
        <test-method is-config="true" signature="setup()[pri:0, instance:com.qa.wildcart.pages.LoginPageTest@1ffe63b9]" started-at="2021-01-19T01:53:06 EST" name="setup" finished-at="2021-01-19T01:53:14 EST" duration-ms="7791" status="PASS">
          <reporter-output>
          </reporter-output>
        </test-method> <!-- setup -->
        <test-method signature="loginTest()[pri:0, instance:com.qa.wildcart.pages.LoginPageTest@1ffe63b9]" started-at="2021-01-19T01:53:14 EST" name="loginTest" finished-at="2021-01-19T01:53:15 EST" duration-ms="487" status="PASS">
          <reporter-output>
          </reporter-output>
        </test-method> <!-- loginTest -->
        <test-method is-config="true" signature="closeBrowser()[pri:0, instance:com.qa.wildcart.pages.LoginPageTest@1ffe63b9]" started-at="2021-01-19T01:53:15 EST" name="closeBrowser" finished-at="2021-01-19T01:53:15 EST" duration-ms="679" status="PASS">
          <reporter-output>
          </reporter-output>
        </test-method> <!-- closeBrowser -->
        <test-method is-config="true" signature="setup()[pri:0, instance:com.qa.wildcart.pages.LoginPageTest@1ffe63b9]" started-at="2021-01-19T01:53:15 EST" name="setup" finished-at="2021-01-19T01:53:22 EST" duration-ms="6642" status="PASS">
          <reporter-output>
          </reporter-output>
        </test-method> <!-- setup -->
        <test-method signature="verifyPagetitle()[pri:0, instance:com.qa.wildcart.pages.LoginPageTest@1ffe63b9]" started-at="2021-01-19T01:53:22 EST" name="verifyPagetitle" finished-at="2021-01-19T01:53:22 EST" duration-ms="29" status="PASS">
          <reporter-output>
          </reporter-output>
        </test-method> <!-- verifyPagetitle -->
        <test-method is-config="true" signature="closeBrowser()[pri:0, instance:com.qa.wildcart.pages.LoginPageTest@1ffe63b9]" started-at="2021-01-19T01:53:22 EST" name="closeBrowser" finished-at="2021-01-19T01:53:23 EST" duration-ms="1255" status="PASS">
          <reporter-output>
          </reporter-output>
        </test-method> <!-- closeBrowser -->
        <test-method is-config="true" signature="setup()[pri:0, instance:com.qa.wildcart.pages.LoginPageTest@1ffe63b9]" started-at="2021-01-19T01:53:23 EST" name="setup" finished-at="2021-01-19T01:53:30 EST" duration-ms="6580" status="PASS">
          <reporter-output>
          </reporter-output>
        </test-method> <!-- setup -->
        <test-method signature="verifySignupLink()[pri:0, instance:com.qa.wildcart.pages.LoginPageTest@1ffe63b9]" started-at="2021-01-19T01:53:30 EST" name="verifySignupLink" finished-at="2021-01-19T01:53:30 EST" duration-ms="251" status="PASS">
          <reporter-output>
          </reporter-output>
        </test-method> <!-- verifySignupLink -->
        <test-method is-config="true" signature="closeBrowser()[pri:0, instance:com.qa.wildcart.pages.LoginPageTest@1ffe63b9]" started-at="2021-01-19T01:53:30 EST" name="closeBrowser" finished-at="2021-01-19T01:53:31 EST" duration-ms="689" status="PASS">
          <reporter-output>
          </reporter-output>
        </test-method> <!-- closeBrowser -->
      </class> <!-- com.qa.wildcart.pages.LoginPageTest -->
    </test> <!-- Default test -->
  </suite> <!-- Default suite -->
</testng-results>
